$ synalog.check('loading_csv.l')
No errors found.

-- Loaded smoke_tests.csv into DuckDB table smoke_tests (12 rows)

$ synalog.compile('loading_csv.l', 'TestStatus')
-- Initializing DuckDB environment.
create schema if not exists logica_home;
-- Empty record, has to have a field by DuckDB syntax.
drop type if exists logicarecord893574736 cascade; create type logicarecord893574736 as struct(nirvana numeric);
create sequence if not exists eternal_logical_sequence;

SELECT
  smoke_tests.status AS status
FROM
  smoke_tests
GROUP BY smoke_tests.status ORDER BY status;

-- Executed on DuckDB:
| status |
|--------|
| failed |
| flaky  |
| passed |
(3 rows)

$ synalog.compile('loading_csv.l', 'FailuresByDevice')
-- Initializing DuckDB environment.
create schema if not exists logica_home;
-- Empty record, has to have a field by DuckDB syntax.
drop type if exists logicarecord893574736 cascade; create type logicarecord893574736 as struct(nirvana numeric);
create sequence if not exists eternal_logical_sequence;

WITH t_0_DeviceNode AS (SELECT
  t_2_smoke_tests.device AS device
FROM
  smoke_tests AS t_2_smoke_tests
GROUP BY t_2_smoke_tests.device ORDER BY device)
SELECT
  DeviceNode.device AS device,
  SUM(1) AS failures
FROM
  t_0_DeviceNode AS DeviceNode, smoke_tests
WHERE
  (E'failed' = smoke_tests.status) AND
  (DeviceNode.device = smoke_tests.device)
GROUP BY DeviceNode.device ORDER BY failures DESC;

-- Executed on DuckDB:
| device   | failures |
|----------|----------|
| gateway  | 2        |
| sensor-a | 1        |
(2 rows)

$ synalog.compile('loading_csv.l', 'RunsPerDay')
-- Initializing DuckDB environment.
create schema if not exists logica_home;
-- Empty record, has to have a field by DuckDB syntax.
drop type if exists logicarecord893574736 cascade; create type logicarecord893574736 as struct(nirvana numeric);
create sequence if not exists eternal_logical_sequence;

SELECT
  SUBSTR(CAST(smoke_tests.run_at AS TEXT), 1, 10) AS day,
  SUM(1) AS runs
FROM
  smoke_tests
GROUP BY SUBSTR(CAST(smoke_tests.run_at AS TEXT), 1, 10) ORDER BY day;

-- Executed on DuckDB:
| day        | runs |
|------------|------|
| 2026-06-10 | 6    |
| 2026-06-11 | 6    |
(2 rows)
