$ synalog.check('ontology.l')
No errors found.

$ synalog.compile('ontology.l', 'ClassNode')
-- Initializing DuckDB environment.
create schema if not exists logica_home;
-- Empty record, has to have a field by DuckDB syntax.
drop type if exists logicarecord893574736 cascade; create type logicarecord893574736 as struct(nirvana numeric);
create sequence if not exists eternal_logical_sequence;

WITH t_0_ClassRaw AS (SELECT * FROM (
  
    SELECT
      E'http://example.org/hr#Company' AS uri
   UNION ALL
  
    SELECT
      E'http://example.org/hr#Employee' AS uri
   UNION ALL
  
    SELECT
      E'http://example.org/hr#Manager' AS uri
   UNION ALL
  
    SELECT
      E'http://example.org/hr#Person' AS uri
  
) AS UNUSED_TABLE_NAME  )
SELECT
  ClassRaw.uri AS uri
FROM
  t_0_ClassRaw AS ClassRaw
GROUP BY ClassRaw.uri ORDER BY uri;

-- Executed on DuckDB:
| uri                            |
|--------------------------------|
| http://example.org/hr#Company  |
| http://example.org/hr#Employee |
| http://example.org/hr#Manager  |
| http://example.org/hr#Person   |
(4 rows)

$ synalog.compile('ontology.l', 'SubClassOfEdge')
-- Initializing DuckDB environment.
create schema if not exists logica_home;
-- Empty record, has to have a field by DuckDB syntax.
drop type if exists logicarecord893574736 cascade; create type logicarecord893574736 as struct(nirvana numeric);
create sequence if not exists eternal_logical_sequence;

CREATE OR REPLACE TABLE logica_home.SubClassOfEdge_ifr0 AS WITH t_3_SubClassOfRaw AS (SELECT * FROM (
  
    SELECT
      E'http://example.org/hr#Employee' AS child_uri,
      E'http://example.org/hr#Person' AS parent_uri
   UNION ALL
  
    SELECT
      E'http://example.org/hr#Manager' AS child_uri,
      E'http://example.org/hr#Employee' AS parent_uri
  
) AS UNUSED_TABLE_NAME  ),
t_5_ClassRaw AS (SELECT * FROM (
  
    SELECT
      E'http://example.org/hr#Company' AS uri
   UNION ALL
  
    SELECT
      E'http://example.org/hr#Employee' AS uri
   UNION ALL
  
    SELECT
      E'http://example.org/hr#Manager' AS uri
   UNION ALL
  
    SELECT
      E'http://example.org/hr#Person' AS uri
  
) AS UNUSED_TABLE_NAME  ),
t_4_ClassNode AS (SELECT
  ClassRaw.uri AS uri
FROM
  t_5_ClassRaw AS ClassRaw
GROUP BY ClassRaw.uri ORDER BY uri),
t_0_SubClassOfEdge_MultBodyAggAux_f1 AS (SELECT * FROM (
  
    SELECT
      t_1_SubClassOfRaw.child_uri AS child_uri,
      t_1_SubClassOfRaw.parent_uri AS parent_uri
    FROM
      t_3_SubClassOfRaw AS t_1_SubClassOfRaw, t_4_ClassNode AS ClassNode, t_4_ClassNode AS t_2_ClassNode
    WHERE
      (ClassNode.uri = t_1_SubClassOfRaw.child_uri) AND
      (t_2_ClassNode.uri = t_1_SubClassOfRaw.parent_uri)
  
) AS UNUSED_TABLE_NAME  )
SELECT
  SubClassOfEdge_MultBodyAggAux_f1.child_uri AS child_uri,
  SubClassOfEdge_MultBodyAggAux_f1.parent_uri AS parent_uri
FROM
  t_0_SubClassOfEdge_MultBodyAggAux_f1 AS SubClassOfEdge_MultBodyAggAux_f1
GROUP BY SubClassOfEdge_MultBodyAggAux_f1.child_uri, SubClassOfEdge_MultBodyAggAux_f1.parent_uri;

-- Interacting with table logica_home.SubClassOfEdge_ifr0

CREATE OR REPLACE TABLE logica_home.SubClassOfEdge_ifr1 AS WITH t_3_SubClassOfRaw AS (SELECT * FROM (
  
    SELECT
      E'http://example.org/hr#Employee' AS child_uri,
      E'http://example.org/hr#Person' AS parent_uri
   UNION ALL
  
    SELECT
      E'http://example.org/hr#Manager' AS child_uri,
      E'http://example.org/hr#Employee' AS parent_uri
  
) AS UNUSED_TABLE_NAME  ),
t_5_ClassRaw AS (SELECT * FROM (
  
    SELECT
      E'http://example.org/hr#Company' AS uri
   UNION ALL
  
    SELECT
      E'http://example.org/hr#Employee' AS uri
   UNION ALL
  
    SELECT
      E'http://example.org/hr#Manager' AS uri
   UNION ALL
  
    SELECT
      E'http://example.org/hr#Person' AS uri
  
) AS UNUSED_TABLE_NAME  ),
t_4_ClassNode AS (SELECT
  ClassRaw.uri AS uri
FROM
  t_5_ClassRaw AS ClassRaw
GROUP BY ClassRaw.uri ORDER BY uri),
t_0_SubClassOfEdge_MultBodyAggAux_f2 AS (SELECT * FROM (
  
    SELECT
      SubClassOfEdge_ifr0.child_uri AS child_uri,
      SubClassOfRaw.parent_uri AS parent_uri
    FROM
      logica_home.SubClassOfEdge_ifr0 AS SubClassOfEdge_ifr0, t_3_SubClassOfRaw AS SubClassOfRaw
    WHERE
      (SubClassOfRaw.child_uri = SubClassOfEdge_ifr0.parent_uri)
   UNION ALL
  
    SELECT
      t_1_SubClassOfRaw.child_uri AS child_uri,
      t_1_SubClassOfRaw.parent_uri AS parent_uri
    FROM
      t_3_SubClassOfRaw AS t_1_SubClassOfRaw, t_4_ClassNode AS ClassNode, t_4_ClassNode AS t_2_ClassNode
    WHERE
      (ClassNode.uri = t_1_SubClassOfRaw.child_uri) AND
      (t_2_ClassNode.uri = t_1_SubClassOfRaw.parent_uri)
  
) AS UNUSED_TABLE_NAME  )
SELECT
  SubClassOfEdge_MultBodyAggAux_f2.child_uri AS child_uri,
  SubClassOfEdge_MultBodyAggAux_f2.parent_uri AS parent_uri
FROM
  t_0_SubClassOfEdge_MultBodyAggAux_f2 AS SubClassOfEdge_MultBodyAggAux_f2
GROUP BY SubClassOfEdge_MultBodyAggAux_f2.child_uri, SubClassOfEdge_MultBodyAggAux_f2.parent_uri;

-- Interacting with table logica_home.SubClassOfEdge_ifr1

CREATE OR REPLACE TABLE logica_home.SubClassOfEdge_ifr2 AS WITH t_3_SubClassOfRaw AS (SELECT * FROM (
  
    SELECT
      E'http://example.org/hr#Employee' AS child_uri,
      E'http://example.org/hr#Person' AS parent_uri
   UNION ALL
  
    SELECT
      E'http://example.org/hr#Manager' AS child_uri,
      E'http://example.org/hr#Employee' AS parent_uri
  
) AS UNUSED_TABLE_NAME  ),
t_5_ClassRaw AS (SELECT * FROM (
  
    SELECT
      E'http://example.org/hr#Company' AS uri
   UNION ALL
  
    SELECT
      E'http://example.org/hr#Employee' AS uri
   UNION ALL
  
    SELECT
      E'http://example.org/hr#Manager' AS uri
   UNION ALL
  
    SELECT
      E'http://example.org/hr#Person' AS uri
  
) AS UNUSED_TABLE_NAME  ),
t_4_ClassNode AS (SELECT
  ClassRaw.uri AS uri
FROM
  t_5_ClassRaw AS ClassRaw
GROUP BY ClassRaw.uri ORDER BY uri),
t_0_SubClassOfEdge_MultBodyAggAux_f3 AS (SELECT * FROM (
  
    SELECT
      SubClassOfEdge_ifr1.child_uri AS child_uri,
      SubClassOfRaw.parent_uri AS parent_uri
    FROM
      logica_home.SubClassOfEdge_ifr1 AS SubClassOfEdge_ifr1, t_3_SubClassOfRaw AS SubClassOfRaw
    WHERE
      (SubClassOfRaw.child_uri = SubClassOfEdge_ifr1.parent_uri)
   UNION ALL
  
    SELECT
      t_1_SubClassOfRaw.child_uri AS child_uri,
      t_1_SubClassOfRaw.parent_uri AS parent_uri
    FROM
      t_3_SubClassOfRaw AS t_1_SubClassOfRaw, t_4_ClassNode AS ClassNode, t_4_ClassNode AS t_2_ClassNode
    WHERE
      (ClassNode.uri = t_1_SubClassOfRaw.child_uri) AND
      (t_2_ClassNode.uri = t_1_SubClassOfRaw.parent_uri)
  
) AS UNUSED_TABLE_NAME  )
SELECT
  SubClassOfEdge_MultBodyAggAux_f3.child_uri AS child_uri,
  SubClassOfEdge_MultBodyAggAux_f3.parent_uri AS parent_uri
FROM
  t_0_SubClassOfEdge_MultBodyAggAux_f3 AS SubClassOfEdge_MultBodyAggAux_f3
GROUP BY SubClassOfEdge_MultBodyAggAux_f3.child_uri, SubClassOfEdge_MultBodyAggAux_f3.parent_uri;

-- Interacting with table logica_home.SubClassOfEdge_ifr2

CREATE OR REPLACE TABLE logica_home.SubClassOfEdge_ifr1 AS WITH t_3_SubClassOfRaw AS (SELECT * FROM (
  
    SELECT
      E'http://example.org/hr#Employee' AS child_uri,
      E'http://example.org/hr#Person' AS parent_uri
   UNION ALL
  
    SELECT
      E'http://example.org/hr#Manager' AS child_uri,
      E'http://example.org/hr#Employee' AS parent_uri
  
) AS UNUSED_TABLE_NAME  ),
t_5_ClassRaw AS (SELECT * FROM (
  
    SELECT
      E'http://example.org/hr#Company' AS uri
   UNION ALL
  
    SELECT
      E'http://example.org/hr#Employee' AS uri
   UNION ALL
  
    SELECT
      E'http://example.org/hr#Manager' AS uri
   UNION ALL
  
    SELECT
      E'http://example.org/hr#Person' AS uri
  
) AS UNUSED_TABLE_NAME  ),
t_4_ClassNode AS (SELECT
  ClassRaw.uri AS uri
FROM
  t_5_ClassRaw AS ClassRaw
GROUP BY ClassRaw.uri ORDER BY uri),
t_0_SubClassOfEdge_MultBodyAggAux_f4 AS (SELECT * FROM (
  
    SELECT
      SubClassOfEdge_ifr2.child_uri AS child_uri,
      SubClassOfRaw.parent_uri AS parent_uri
    FROM
      logica_home.SubClassOfEdge_ifr2 AS SubClassOfEdge_ifr2, t_3_SubClassOfRaw AS SubClassOfRaw
    WHERE
      (SubClassOfRaw.child_uri = SubClassOfEdge_ifr2.parent_uri)
   UNION ALL
  
    SELECT
      t_1_SubClassOfRaw.child_uri AS child_uri,
      t_1_SubClassOfRaw.parent_uri AS parent_uri
    FROM
      t_3_SubClassOfRaw AS t_1_SubClassOfRaw, t_4_ClassNode AS ClassNode, t_4_ClassNode AS t_2_ClassNode
    WHERE
      (ClassNode.uri = t_1_SubClassOfRaw.child_uri) AND
      (t_2_ClassNode.uri = t_1_SubClassOfRaw.parent_uri)
  
) AS UNUSED_TABLE_NAME  )
SELECT
  SubClassOfEdge_MultBodyAggAux_f4.child_uri AS child_uri,
  SubClassOfEdge_MultBodyAggAux_f4.parent_uri AS parent_uri
FROM
  t_0_SubClassOfEdge_MultBodyAggAux_f4 AS SubClassOfEdge_MultBodyAggAux_f4
GROUP BY SubClassOfEdge_MultBodyAggAux_f4.child_uri, SubClassOfEdge_MultBodyAggAux_f4.parent_uri;

-- Interacting with table logica_home.SubClassOfEdge_ifr1

WITH t_3_SubClassOfRaw AS (SELECT * FROM (
  
    SELECT
      E'http://example.org/hr#Employee' AS child_uri,
      E'http://example.org/hr#Person' AS parent_uri
   UNION ALL
  
    SELECT
      E'http://example.org/hr#Manager' AS child_uri,
      E'http://example.org/hr#Employee' AS parent_uri
  
) AS UNUSED_TABLE_NAME  ),
t_5_ClassRaw AS (SELECT * FROM (
  
    SELECT
      E'http://example.org/hr#Company' AS uri
   UNION ALL
  
    SELECT
      E'http://example.org/hr#Employee' AS uri
   UNION ALL
  
    SELECT
      E'http://example.org/hr#Manager' AS uri
   UNION ALL
  
    SELECT
      E'http://example.org/hr#Person' AS uri
  
) AS UNUSED_TABLE_NAME  ),
t_4_ClassNode AS (SELECT
  ClassRaw.uri AS uri
FROM
  t_5_ClassRaw AS ClassRaw
GROUP BY ClassRaw.uri ORDER BY uri),
t_0_SubClassOfEdge_MultBodyAggAux_f5 AS (SELECT * FROM (
  
    SELECT
      SubClassOfEdge_ifr3.child_uri AS child_uri,
      SubClassOfRaw.parent_uri AS parent_uri
    FROM
      logica_home.SubClassOfEdge_ifr1 AS SubClassOfEdge_ifr3, t_3_SubClassOfRaw AS SubClassOfRaw
    WHERE
      (SubClassOfRaw.child_uri = SubClassOfEdge_ifr3.parent_uri)
   UNION ALL
  
    SELECT
      t_1_SubClassOfRaw.child_uri AS child_uri,
      t_1_SubClassOfRaw.parent_uri AS parent_uri
    FROM
      t_3_SubClassOfRaw AS t_1_SubClassOfRaw, t_4_ClassNode AS ClassNode, t_4_ClassNode AS t_2_ClassNode
    WHERE
      (ClassNode.uri = t_1_SubClassOfRaw.child_uri) AND
      (t_2_ClassNode.uri = t_1_SubClassOfRaw.parent_uri)
  
) AS UNUSED_TABLE_NAME  )
SELECT
  SubClassOfEdge_MultBodyAggAux_f5.child_uri AS child_uri,
  SubClassOfEdge_MultBodyAggAux_f5.parent_uri AS parent_uri
FROM
  t_0_SubClassOfEdge_MultBodyAggAux_f5 AS SubClassOfEdge_MultBodyAggAux_f5
GROUP BY SubClassOfEdge_MultBodyAggAux_f5.child_uri, SubClassOfEdge_MultBodyAggAux_f5.parent_uri;

-- Executed on DuckDB:
| child_uri                      | parent_uri                     |
|--------------------------------|--------------------------------|
| http://example.org/hr#Manager  | http://example.org/hr#Employee |
| http://example.org/hr#Employee | http://example.org/hr#Person   |
| http://example.org/hr#Manager  | http://example.org/hr#Person   |
(3 rows)

$ synalog.compile('ontology.l', 'PersonNode')
-- Initializing DuckDB environment.
create schema if not exists logica_home;
-- Empty record, has to have a field by DuckDB syntax.
drop type if exists logicarecord893574736 cascade; create type logicarecord893574736 as struct(nirvana numeric);
create sequence if not exists eternal_logical_sequence;

SELECT
  E'http://example.org/hr#bob' AS uri,
  null AS email,
  E'Bob' AS name
FROM
  (SELECT 'singleton' as s) as unused_singleton
GROUP BY (E'http://example.org/hr#bob' || ''), null, (E'Bob' || '') ORDER BY uri;

-- Executed on DuckDB:
| uri                       | email | name |
|---------------------------|-------|------|
| http://example.org/hr#bob |       | Bob  |
(1 row)

$ synalog.compile('ontology.l', 'EmployeeNode')
-- Initializing DuckDB environment.
create schema if not exists logica_home;
-- Empty record, has to have a field by DuckDB syntax.
drop type if exists logicarecord893574736 cascade; create type logicarecord893574736 as struct(nirvana numeric);
create sequence if not exists eternal_logical_sequence;

SELECT
  E'http://example.org/hr#alice' AS uri,
  E'alice@acme.example' AS email,
  E'Alice O''Hara' AS name,
  90000 AS salary
FROM
  (SELECT 'singleton' as s) as unused_singleton
GROUP BY (E'http://example.org/hr#alice' || ''), (E'alice@acme.example' || ''), (E'Alice O''Hara' || ''), 90000 + 0 ORDER BY uri;

-- Executed on DuckDB:
| uri                         | email              | name         | salary |
|-----------------------------|--------------------|--------------|--------|
| http://example.org/hr#alice | alice@acme.example | Alice O'Hara | 90000  |
(1 row)

$ synalog.compile('ontology.l', 'ManagerNode')
-- Initializing DuckDB environment.
create schema if not exists logica_home;
-- Empty record, has to have a field by DuckDB syntax.
drop type if exists logicarecord893574736 cascade; create type logicarecord893574736 as struct(nirvana numeric);
create sequence if not exists eternal_logical_sequence;

SELECT
  E'http://example.org/hr#carol' AS uri,
  E'carol@acme.example' AS email,
  E'Carol' AS name,
  150000 AS salary
FROM
  (SELECT 'singleton' as s) as unused_singleton
GROUP BY (E'http://example.org/hr#carol' || ''), (E'carol@acme.example' || ''), (E'Carol' || ''), 150000 + 0 ORDER BY uri;

-- Executed on DuckDB:
| uri                         | email              | name  | salary |
|-----------------------------|--------------------|-------|--------|
| http://example.org/hr#carol | carol@acme.example | Carol | 150000 |
(1 row)

$ synalog.compile('ontology.l', 'CompanyNode')
-- Initializing DuckDB environment.
create schema if not exists logica_home;
-- Empty record, has to have a field by DuckDB syntax.
drop type if exists logicarecord893574736 cascade; create type logicarecord893574736 as struct(nirvana numeric);
create sequence if not exists eternal_logical_sequence;

SELECT
  E'http://example.org/hr#acme' AS uri,
  E'Acme "Robotics"' AS name
FROM
  (SELECT 'singleton' as s) as unused_singleton
GROUP BY (E'http://example.org/hr#acme' || ''), (E'Acme "Robotics"' || '') ORDER BY uri;

-- Executed on DuckDB:
| uri                        | name            |
|----------------------------|-----------------|
| http://example.org/hr#acme | Acme "Robotics" |
(1 row)

$ synalog.compile('ontology.l', 'WorksAtEdge')
-- Initializing DuckDB environment.
create schema if not exists logica_home;
-- Empty record, has to have a field by DuckDB syntax.
drop type if exists logicarecord893574736 cascade; create type logicarecord893574736 as struct(nirvana numeric);
create sequence if not exists eternal_logical_sequence;

WITH t_0_WorksAtRaw AS (SELECT * FROM (
  
    SELECT
      E'http://example.org/hr#alice' AS subject_uri,
      E'http://example.org/hr#acme' AS object_uri
   UNION ALL
  
    SELECT
      E'http://example.org/hr#carol' AS subject_uri,
      E'http://example.org/hr#acme' AS object_uri
  
) AS UNUSED_TABLE_NAME  ),
t_1_EmployeeNode AS (SELECT
  E'http://example.org/hr#alice' AS uri,
  E'alice@acme.example' AS email,
  E'Alice O''Hara' AS name,
  90000 AS salary
FROM
  (SELECT 'singleton' as s) as unused_singleton
GROUP BY (E'http://example.org/hr#alice' || ''), (E'alice@acme.example' || ''), (E'Alice O''Hara' || ''), 90000 + 0 ORDER BY uri),
t_2_CompanyNode AS (SELECT
  E'http://example.org/hr#acme' AS uri,
  E'Acme "Robotics"' AS name
FROM
  (SELECT 'singleton' as s) as unused_singleton
GROUP BY (E'http://example.org/hr#acme' || ''), (E'Acme "Robotics"' || '') ORDER BY uri)
SELECT
  WorksAtRaw.subject_uri AS subject_uri,
  WorksAtRaw.object_uri AS object_uri
FROM
  t_0_WorksAtRaw AS WorksAtRaw, t_1_EmployeeNode AS EmployeeNode, t_2_CompanyNode AS CompanyNode
WHERE
  (EmployeeNode.uri = WorksAtRaw.subject_uri) AND
  (CompanyNode.uri = WorksAtRaw.object_uri)
GROUP BY WorksAtRaw.subject_uri, WorksAtRaw.object_uri ORDER BY subject_uri;

-- Executed on DuckDB:
| subject_uri                 | object_uri                 |
|-----------------------------|----------------------------|
| http://example.org/hr#alice | http://example.org/hr#acme |
(1 row)

$ synalog.compile('ontology.l', 'KnowsEdge')
-- Initializing DuckDB environment.
create schema if not exists logica_home;
-- Empty record, has to have a field by DuckDB syntax.
drop type if exists logicarecord893574736 cascade; create type logicarecord893574736 as struct(nirvana numeric);
create sequence if not exists eternal_logical_sequence;

WITH t_1_KnowsRaw AS (SELECT * FROM (
  
    SELECT
      E'http://example.org/hr#alice' AS subject_uri,
      E'http://example.org/hr#bob' AS object_uri
   UNION ALL
  
    SELECT
      E'http://example.org/hr#bob' AS subject_uri,
      E'http://example.org/hr#alice' AS object_uri
  
) AS UNUSED_TABLE_NAME  ),
t_2_PersonNode AS (SELECT
  E'http://example.org/hr#bob' AS uri,
  null AS email,
  E'Bob' AS name
FROM
  (SELECT 'singleton' as s) as unused_singleton
GROUP BY (E'http://example.org/hr#bob' || ''), null, (E'Bob' || '') ORDER BY uri)
SELECT
  KnowsRaw.subject_uri AS subject_uri,
  KnowsRaw.object_uri AS object_uri
FROM
  t_1_KnowsRaw AS KnowsRaw, t_2_PersonNode AS PersonNode, t_2_PersonNode AS t_0_PersonNode
WHERE
  (PersonNode.uri = KnowsRaw.subject_uri) AND
  (t_0_PersonNode.uri = KnowsRaw.object_uri)
GROUP BY KnowsRaw.subject_uri, KnowsRaw.object_uri ORDER BY subject_uri;

-- Executed on DuckDB:
| subject_uri | object_uri |
|-------------|------------|
(0 rows)

$ synalog.compile('ontology.l', 'ReportsToEdge')
-- Initializing DuckDB environment.
create schema if not exists logica_home;
-- Empty record, has to have a field by DuckDB syntax.
drop type if exists logicarecord893574736 cascade; create type logicarecord893574736 as struct(nirvana numeric);
create sequence if not exists eternal_logical_sequence;

WITH t_0_EmployeeNode AS (SELECT
  E'http://example.org/hr#alice' AS uri,
  E'alice@acme.example' AS email,
  E'Alice O''Hara' AS name,
  90000 AS salary
FROM
  (SELECT 'singleton' as s) as unused_singleton
GROUP BY (E'http://example.org/hr#alice' || ''), (E'alice@acme.example' || ''), (E'Alice O''Hara' || ''), 90000 + 0 ORDER BY uri),
t_1_ManagerNode AS (SELECT
  E'http://example.org/hr#carol' AS uri,
  E'carol@acme.example' AS email,
  E'Carol' AS name,
  150000 AS salary
FROM
  (SELECT 'singleton' as s) as unused_singleton
GROUP BY (E'http://example.org/hr#carol' || ''), (E'carol@acme.example' || ''), (E'Carol' || ''), 150000 + 0 ORDER BY uri)
SELECT
  EmployeeNode.uri AS subject_uri,
  ManagerNode.uri AS object_uri
FROM
  t_0_EmployeeNode AS EmployeeNode, t_1_ManagerNode AS ManagerNode
WHERE
  (E'http://example.org/hr#alice' = EmployeeNode.uri) AND
  (E'http://example.org/hr#carol' = ManagerNode.uri)
GROUP BY EmployeeNode.uri, ManagerNode.uri ORDER BY subject_uri;

-- Executed on DuckDB:
| subject_uri                 | object_uri                  |
|-----------------------------|-----------------------------|
| http://example.org/hr#alice | http://example.org/hr#carol |
(1 row)
